[    0.000000] Initializing cgroup subsys cpuset
[    0.0000] Initializing cgroup subsys cpu
[    0.000000] Initializing cgroup subsys cpuacct
[    0.000000] Linux version 4.4.0-34-geneic (uildd@lgw01-20) (gccversion 5.3.1 20160413 (Ubuntu 5.3.1-14ubuntu2.1) ) #53-Ubuntu SMP Wed Jul 27 16:06:39 UTC 2016 (Untu .4.0-34.53-generc 4.4.15)
[    0.000000] Command line: BOT_IAGE=/boot/vmlinuz-4.4.0-34-generic rootABEL=clodimg-ootfs r console=tty1 console=ttyS0
[    0.000000] KERNEL supported cpus:
[    0.000000]   Intel GenuineIntel
[    0.000000]   AMD AuthenticAMD
[   0.000000]   Centaur CentaurHals
[    0.000000] x86fp: state_offset[2]:  57, state_sizes[2]:  256
[    0.000000] x86/fpu: Supporting XSAVE feature 0x01: 'x87 floating point registers'
[    0.000000] x86/fpu: Supporting XSAVE feature 0x02: 'SSE registers'
[    0.000000] x86/fpu: Supporting XSAVE feature 0x04: 'AVX registers'
[    000000]x8/fp: nabled xstate features 0x7, context size is 832 bytes, using 'standard' format.
[   .000000] x86/fpu: Using 'lazy'FPU context switches.
[    0.000000] e820: BIOS-provided physical RAM map:
[    0.000000] BIOS-e820: [mem 0x0000000000000000-0x000000000009fbff] usable
[    0.00000]BI-e820: [mem 0x000000000009fc00-0x000000000009ffff] resered
[    0.000000] BIOS-e820: [mem 0x00000000000f0000-0x0000000000fffff] reserved
[    0.0000] BIOS-e820: [mem x000000000100000-0x00000000ffeffff] usable
[    0.000000] BIOS-e80: mem 0x00000000dfff0000-0x00000000dfffffff] ACPI data
[    0.000000] BIOS-e820: [mem 0x00000000fffc0000-0x00000000ffffffff] reserved
[    0.000000] BIOS-e820: [mem 0x0000000100000000-0x000000011fffffff] usable
[    0.000000] NX (Execute Disable) protection: active
[    0.000000] SMBIS 2.5 present.
[    0.000000] Hypervisor detected: KVM
[    0.000000] e820: last_pfn = 0x120000 max_arch_pfn = 0x400000000
[    0.000000] x86/PAT: Configuration [0-7]: WB  WC  UC- UC  WB  WC  UC- WT  
[    0.000000] MTRR: Disabled
[    0.000000] CPU MTRRs all blank - virtualized system.
[    0.000000] e820: last_pfn = 0xdfff0 max_arch_pfn = 0x400000000
[    0.000000] found SMP MP-table at [mem 0x0009fff0-0x0009fff] mapped at [ffff800009fff0
[   0.000000] Scanning 1 areas for low memory corruption
[    0.000000] RAMDISK: [mem 0x371b4000-0x378d1fff
[    00000] ACPI: Early table checksum verification disabled
[    0.000000] ACPI: RSDP 0x00000000000E0000 000024 (v02 VBOX  )
[    0.000000] ACPI: XSDT 0x00000000DFFF0030 00003C (v01 VBOX   VBOXXSDT 00000001 ASL  00000061)
[    0.000000] ACPI: FACP 0x00000000DFFF00F0 0000F4 (v04 VBOX   VBOXFACP 00000001 ASL  00000061)
[    0.000000] ACPI: DSDT 0x00000000DFFF0470 002106 (v01 VBO  VBOXBIOS 00000002 INTL 20100528)
[    0.000000] ACPI: FACS 0x00000000DFF200 000040
[    0.000000] ACPI: FACS 0x00000000DFFF0200000040
[    0.000000] ACPI: APIC 0x00000000DFFF0240 00005C (v02 VBOX   VBOXPIC0000001 ASL  00001)
[    0.000000] ACPI: SSDT 0x00000000DFFF02A0 0001CC (v1 BOX   VBOXCPUT000002INL 20100528)
[   0.000000] o NMA configuration found
[    0.000000] Faking a node at [mem 0x0000000000000000-0x00000011fffffff]
[    0.000000] NODE_DATA(0) allocated [mem 0x11ff7000-0x11fffbfff]
[    000000] kvm-clock: Usin msrs 4b564d01 and 4b564d00
[    0.00000] kv-clock cpu 0, msr 1:1fff3001, rimary cpu clock
[    0.000000] kvm-clock: using sched ofset o 2953169530 cycles
[    0.000000] closorc: kvm-clock: mask: 0fffffffffffff max_cycles: 0x1cd42e4dffb, max_idle_ns: 1595948 ns
    .00000] Zone ranges:
[    0.000000]   DMA      [mem 0x0000000000001000-0x0000000000ffffff]
[    0.000000]   DMA32    [mem 0x000000001000000-0x0000000ffffffff]
[   0.00000]  Normal   [mem 0x0000000100000000-0x000000011fffffff]
[    0.000000]   Device   empty
[    0.000000] Movable zone start for each node
[    0.000000] Early memory node ranges
[    0.000000]   node   0: [mem 0x0000000000001000-0x000000000009efff]
[    0.000000]   node   0: [mem 0x0000000000100000-0x00000000dffeffff]
[    0.000000]   node  0: [mem 0x0000000100000000-0x00000011fffffff]
[    0.000000]Inimem setup node 0 [mem 0x0000000000100-x000011fffffff]
[    0.000000] ACPI: PM-Timer IO Port: 0x4008
[    0.000000] IOAPIC[0]: apic_id 2, version 17, address 0xfec00000, GSI 0-23
[    0.000000] ACPI: INT_SRC_OVR (bus 0 bus_irq 0 global_irq 2 dfl dfl)
[    0.000000] API IT_RC_OVR (bus 0 bus_irq 9 global_irq 9 high level)
[    0.000000] Using ACPI (MADT) fr SMP cnfguraio inforaton[    .00000] smpboot: Allowing 2 CPUs, 0 hotplug CPUs
[    0.000000 P: egistered nosave memory: [mem 0x00000000-0x00000fff]
[    0.000000] PM: Registered osave memoy:[mm 0x00f00-x009ffff]
[    0.000000] PM: Registered nosave memory: [mm x000a0000-0x000effff]
[    0.000000] PM: Registered nosave memory: [mem 0x000f0000-0x000fffff]
[    0.000000] PM: Registered nosave memory: [mem 0xdfff0000-0xdfffffff]
[    0.000000] PM: Registered nosave memory: [mem 0xe0000000-0xfffbffff]
[    0.000000] PM: Registered nosave memory: [mem 0xfffc0000-0xffffffff]
[    0.000000] e820: [mem 0xe0000000-0xfffbffff] available for PCI devices
[    0.000000] Booting paavrtalized kene o KVM
[   0.00000] clocksource: refined-jiffies: mask: 0xffffffff max_cycles: 0xffffffff, max_idle_ns: 764551960021568 n
[   0.000000] setup_percpu: NR_CPUS:256 n_cpumask_bits:256 n_cu_ids:2 nr_node_ids:1
[    0.000000] PERCPU: Embedded 33 pages/cpu ffff88011fc000 s98008 r8192 d2868u108576
[   .0000] P qspnlckhah tabl entrie: 256 (order: 0, 4096 bytes)
[    0.000000] Built 1 zonelists in Node order, mobility grouping on.  Tota pges: 1032057
[    0.000000] Policy zoe: Normal
[    0.00000] Kernel command line: BOOT_IMAGE=/boot/vmlinuz-4.4.0-34-generic root=LABEL=cloudimg-rootfs ro console=tty1 console=ttyS0
[    0.000000] PID hash table entries: 4096 (order: 3, 32768 bytes)
[    0.000000] Memory: 4035864K/4193848K available (8394K kernel coe,1282K rwdata, 3944K rodata, 1480K init, 1292K bss, 15798K served,0K cma-reserved)
[    0.00000]SLUB: HWalign=64, Order=0-3, MinObjects=0, CPUs=2, Nodes=1
    0.000000] Hierarchical RCU implementation.
[    0.000000] 	Build-time adjustment of leaf fanout to 64.
[    0.000000] 	RC restricting CPUs from NR_CPUS=256 to nr_cpu_ids=2.
[    0.000000] RCU: Adjusting geomtr fr cufanout_leaf=64, nr_cpu_ids=2
[    0.000000] NR_IRQS:16640 nr_irqs:440 16
[    0.000000] Console: colour VGA+ 80x25
[    0.000000] console [tty1] enabled
[    0.000000] consol [ttyS0] enabled
[    0.000000] tsc: Detected 3491.910 MHzprocessor
[   .756874] Calibrating delay loop (skipped) preset value.. 6983.82 BogoMIPS (lpj=13967640)
[    3.779869] pid_max: default: 32768 minimum: 301
[    3.781156] ACPI: Core revision 20150930
[    3.813708] ACPI: 2 ACPI AML tables successfully acquired and loaded
[    3.833203] Security Framework initialized
[    3.834037] Yama: becoming mindful.
[    3.841288] AppArmor: AppArmor initialized
[    3.877147] Dentry cache hash table entries: 524288 (order: 10, 4194304 bytes)
[    3.966250] Inode-cache hash table entries: 262144 (order: 9, 2097152 bytes)
[    3.971440] Mount-cache hash table entries: 8192 (order: 4, 65536 bytes)
[    3.985133] Mountpoint-cache hash table entries: 8192 (order: 4, 65536 bytes)
[    4.001033] Initializing cgroup subsys io
[    4.001809] Initializing cgroup subsys memory
[    4.009428] Initializing cgroup subsys devices
[    4.033294] Initializing cgroup subsys freezer
[    4.043462] Initializing cgroup subsys net_cls
[    4.049335] Initializing cgroup subsys perf_event
[    4.057079] Initializing cgroup subsys net_prio
[    4.060987] Initializing cgroup subsys hugetlb
[    4.061656] Initializing cgroup subsys pids
[    4.080767] CPU: Physical Processor ID: 0
[    4.081497] CPU: Processor Core ID: 0
[    4.086193] mce: CPU supports 0 MCE banks
[    4.093429] Last level iTLB entries: 4KB 1024, 2MB 1024, 4MB 1024
[    4.101019] Last level dTLB entries: 4KB 1024, 2MB 1024, 4MB 1024, 1GB 4
[    4.110624] Freeing SMP alternatives memory: 28K (ffffffff820b4000 - ffffffff820bb000)
[    4.167708] ftrace: allocating 31994 entries in 125 pages
[    4.210128] smpboot: Max logical packages: 1
[    4.241111] smpboot: APIC(0) Converting physical 0 to logical package 0
[    4.244768] ..TIMER: vector=0x30 apic1=0 pin1=2 apic2=-1 pin2=-1
[    4.357060] smpboot: CPU0: Intel(R) Core(TM) i5-4690K CPU @ 3.50GHz (family: 0x6, model: 0x3c, stepping: 0x3)
[    4.377853] Performance Events: unsupported p6 CPU model 60 no PMU driver, software events only.
[    4.379236] KVM setup paravirtual spinlock
[    4.425102] x86: Booting SMP configuration:
[    4.441450] .... node  #0, CPUs:      #1
[    4.467026] kvm-clock: cpu 1, msr 1:1fff3041, secondary cpu clock
[    4.492664] mce: CPU supports 0 MCE banks
[    4.508751] x86: Booted up 1 node, 2 CPUs
[    4.509958] smpboot: Total of 2 processors activated (13967.64 BogoMIPS)
[    4.528240] devtmpfs: initialized
[    4.535028] evm: security.selinux
[    4.539155] evm: security.SMACK64
[    4.539682] evm: security.SMACK64EXEC
[    4.545445] evm: security.SMACK64TRANSMUTE
[    4.553039] evm: security.SMACK64MMAP
[    4.559245] evm: security.ima
[    4.562605] evm: security.capability
[    4.566463] clocksource: jiffies: mask: 0xffffffff max_cycles: 0xffffffff, max_idle_ns: 7645041785100000 ns
[    4.578910] pinctrl core: initialized pinctrl subsystem
[    4.584257] RTC time:  2:38:38, date: 10/16/16
[    4.585242] NET: Registered protocol family 16
[    4.601716] cpuidle: using governor ladder
[    4.630215] cpuidle: using governor menu
[    4.637319] PCCT header not found.
[    4.637958] ACPI: bus type PCI registered
[    4.639880] acpiphp: ACPI Hot Plug PCI Controller Driver version: 0.5
[    4.646236] PCI: Using configuration type 1 for base access
[    4.690001] ACPI: Added _OSI(Module Device)
[    4.708790] ACPI: Added _OSI(Processor Device)
[    4.723707] ACPI: Added _OSI(3.0 _SCP Extensions)
[    4.734972] ACPI: Added _OSI(Processor Aggregator Device)
[    4.736230] ACPI: Executed 1 blocks of module-level executable AML code
[    4.757013] ACPI: Interpreter enabled
[    4.778713] ACPI Exception: AE_NOT_FOUND, While evaluating Sleep State [\_S1_] (20150930/hwxface-580)
[    4.802703] ACPI Exception: AE_NOT_FOUND, While evaluating Sleep State [\_S2_] (20150930/hwxface-580)
[    4.814753] ACPI Exception: AE_NOT_FOUND, While evaluating Sleep State [\_S3_] (20150930/hwxface-580)
[    4.839723] ACPI Exception: AE_NOT_FOUND, While evaluating Sleep State [\_S4_] (20150930/hwxface-580)
[    4.858808] ACPI: (supports S0 S5)
[    4.859676] ACPI: Using IOAPIC for interrupt routing
[    4.864959] PCI: Using host bridge windows from ACPI; if necessary, use "pci=nocrs" and report a bug
[    4.869725] ACPI: PCI Root Bridge [PCI0] (domain 0000 [bus 00-ff])
[    4.876816] acpi PNP0A03:00: _OSC: OS supports [ASPM ClockPM Segments MSI]
[    4.880736] acpi PNP0A03:00: _OSC failed (AE_NOT_FOUND); disabling ASPM
[    4.885661] acpi PNP0A03:00: fail to add MMCONFIG information, can't access extended PCI configuration space under this bridge.
[    4.894935] PCI host bridge to bus 0000:00
[    4.896999] pci_bus 0000:00: root bus resource [io  0x0000-0x0cf7 window]
[    4.907703] pci_bus 0000:00: root bus resource [io  0x0d00-0xffff window]
[    4.913805] pci_bus 0000:00: root bus resource [mem 0x000a0000-0x000bffff window]
[    4.915667] pci_bus 0000:00: root bus resource [mem 0xe0000000-0xffdfffff window]
[    4.931374] pci_bus 0000:00: root bus resource [bus 00-ff]
[    4.943686] pci 0000:00:01.1: legacy IDE quirk: reg 0x10: [io  0x01f0-0x01f7]
[    4.945190] pci 0000:00:01.1: legacy IDE quirk: reg 0x14: [io  0x03f6]
[    4.957361] pci 0000:00:01.1: legacy IDE quirk: reg 0x18: [io  0x0170-0x0177]
[    4.965022] pci 0000:00:01.1: legacy IDE quirk: reg 0x1c: [io  0x0376]
[    5.058902] ACPI: PCI Interrupt Link [LNKA] (IRQs 5 9 10 11) *0, disabled.
[    5.084004] ACPI: PCI Interrupt Link [LNKB] (IRQs 5 9 10 *11)
[    5.094265] ACPI: PCI Interrupt Link [LNKC] (IRQs 5 9 *10 11)
[    5.100135] ACPI: PCI Interrupt Link [LNKD] (IRQs 5 *9 10 11)
[    5.112786] ACPI: Enabled 2 GPEs in block 00 to 07
[    5.132388] vgaarb: setting as boot device: PCI:0000:00:02.0
[    5.138873] vgaarb: device added: PCI:0000:00:02.0,decodes=io+mem,owns=io+mem,locks=none
[    5.160292] vgaarb: loaded
[    5.169043] vgaarb: bridge control possible 0000:00:02.0
[    5.180725] SCSI subsystem initialized
[    5.194262] ACPI: bus type USB registered
[    5.200621] usbcore: registered new interface driver usbfs
[    5.210178] usbcore: registered new interface driver hub
[    5.211698] usbcore: registered new device driver usb
[    5.217100] PCI: Using ACPI for IRQ routing
[    5.226182] NetLabel: Initializing
[    5.233135] NetLabel:  domain hash size = 128
[    5.233759] NetLabel:  protocols = UNLABELED CIPSOv4
[    5.234622] NetLabel:  unlabeled traffic allowed by default
[    5.235522] clocksource: Switched to clocksource kvm-clock
[   5.3189]pprmor: AppArmor Filesystem Enabled
[   5.1997] np PP ACPI init
[   5.607630] pnp: PnP ACPI found 3 devices

[  5.66347clocksource: acpi_pm: mask: 0xffffff max_cycles: 0xffffff, max_idle_ns: 2085701024 ns
[    5.774096] NET: Registered protocol family 2

[    5.774912] TCP esabised hash table entries: 32768 (orde: , 62144 bytes)

[    5.903912] TCP bind has tleenies: 32768 (ordr: 7, 524288 bytes)
[   104592] TCP: Hash tables configured (established 32768 bind 32768)
[    6.183864] UDP hash table entries: 2048 (order: 4, 65536 bytes)
[   6.184884] UDP-Lite hash table entries: 2048 (order: 4, 65536 byes
   6257417] NE Reisered protocol family 1
[   .436] ci 0000:00:00.0: Limiting direct PCI/PCI transfers
[    6.528826] pci 0000:00:01.0: Activating ISA DMA hang workarounds
[    6.529759] Trying to unpack rootfs image as initramfs...

[    8.300540] Freeing initrd memory: 7288K (ffff8800371b4000 - ffff8800378d2000)
[    8.312846] PCIDM: sing software bounce buffering for IO (SWIOLB)
[   8.43760] ofwa I TLB [mem 0xdbff0000-0xdfff0000] (64MB) mapped at [ffff8800dbff0000-ffff8800dffeffff]

[    8.581568] RAPL PMU detected, API unit is 2^-32 Joules, 4 fixed counters 1073741240 s vf tme
   8.709620] hw unit of domain pp0-core 2^-0 Joules

[    8.751241] hw unit of domain package 2^-0 Joules
[    8.75327] hw unit of domain dram 2^-0 Joules
[    8.798200] hw unit of domain pp1-gpu 2^-0 Joules
[    8.798915] platform rtc_cmos: registeed platform TC deic (no PNP device found)
[    8.887411] Scanning for low memory coruption every 60 seconds

[    8.909355] futex hash table entries: 512 (order: 3, 32768 bytes)
[    8.924466] audit: initializing netlink subsys (disabled)
[    8.956213] audit: type=2000 audit(1476585525.498:1): initialized
[    8.957277] Initialise system trusted keyring
[    8.984367] HugeTLB registered 2 MB page size, pre-allocated 0 pages
[    9.013313] zbud: loaded
[    9.027886] VFS: Disk quotas dquot_6.6.0
[    9.037881] VFS: Dquot-cache hash table entries: 512 (order 0, 4096 bytes)
[    9.042982] squashfs: version 4.0 (2009/01/31) Phillip Lougher
[    9.056238] fuse init (API version 7.23)
[    9.065537] Key type big_key registered
[    9.083785] Allocating IMA MOK and blacklist keyrings.
[    9.091232] Key type asymmetric registered
[    9.114184] Asymmetric key parser 'x509' registered
[    9.123568] Block layer SCSI generic (bsg) driver version 0.4 loaded (major 249)
[    9.128593] io scheduler noop registered
[    9.129196] io scheduler deadline registered (default)
[    9.140657] io scheduler cfq registered
[    9.150549] pci_hotplug: PCI Hot Plug PCI Core version: 0.5
[    9.173515] pciehp: PCI Express Hot Plug Controller Driver version: 0.4
[    9.177112] ACPI: AC Adapter [AC] (on-line)
[    9.180617] input: Power Button as /devices/LNXSYSTM:00/LNXPWRBN:00/input/input0
[    9.188961] ACPI: Power Button [PWRF]
[    9.191820] input: Sleep Button as /devices/LNXSYSTM:00/LNXSLPBN:00/input/input1
[    9.220790] ACPI: Sleep Button [SLPF]
[    9.228056] GHES: HEST is not enabled!
[    9.232719] Serial: 8250/16550 driver, 32 ports, IRQ sharing enabled
[  9302853] 00:02: ttyS0 atI/ 03f8 (rq =4, base_baud = 1520) is a 16550A

[  9.518274] Linux agpgart interface v0.103
[    9.570722] brd: module loaded
[    9.632308] loop: module loaded
[    9.686591] scsi ost0: atapix

[    9.754908] scsi host1: ata_piix
[    9.763912] ata1: PATA max UDMA/33 cmd 0x1f0 ctl 0x3f6 bmdma 0xd000 irq 14
[    9.764804] at2: PATA max UDMA/33 cmd 0x170 ctl 0x376 mdma 0xd8 irq 15
[    9.848562] tsc: Refined TSC loksure libation: 3493.137 MHz
[   10.006164] clocksource: tsc: mask: 0xffffffffffffffff max_cycles: 0x325fe1cf6e, max_idle_ns: 44079536561 s
[   1.101347] libphy: Fixed MDIO Bus: probed

[   10.126500] tun: Universal TUN/TAP device diver, 1.6
[   10.1064]tu: C) 1999-2004 Max Krasnyansky <maxk@qualcomm.com>

[   10.269640] PPP generic driver version 2.4.2
[   10.271892] ehci_hcd: USB 2.0 'Enhanced' Host Controller (EHCI) Driver
[   10.285943] ehci-pci: EHCI PCI platform driver
[   10.300384] ehci-platform: EHCI generic platform driver
[   10.301101] ohci_hcd: USB 1.1 'Open' Host Controller (OHCI) Driver
[   10.302053] ohci-pci: OHCI PCI platform driver
[   10.308573] ohci-platform: OHCI generic platform driver
[   10.311945] uhci_hcd: USB Universal Host Controller Interface driver
[   10.314199] i8042: PNP: PS/2 Controller [PNP0303:PS2K,PNP0f03:PS2M] at 0x60,0x64 irq 1,12
[   10.318618] serio: i8042 KBD port at 0x60,0x64 irq 1
[   10.332753] serio: i8042 AUX port at 0x60,0x64 irq 12
[   10.336190] mousedev: PS/2 mouse device common for all mice
[   10.345825] rtc_cmos rtc_cmos: rtc core: registered rtc_cmos as rtc0
[   10.349764] rtc_cmos rtc_cmos: alarms up to one day, 114 bytes nvram
[   10.353280] input: AT Translated Set 2 keyboard as /devices/platform/i8042/serio0/input/input2
[   10.370225] i2c /dev entries driver
[   10.371988] device-mapper: uevent: version 1.0.3
[   10.385868] device-mapper: ioctl: 4.34.0-ioctl (2015-10-28) initialised: dm-devel@redhat.com
[   10.390330] ledtrig-cpu: registered to indicate activity on CPUs
[   10.393286] NET: Registered protocol family 10
[   10.401235] NET: Registered protocol family 17
[   10.409595] Key type dns_resolver registered
[   10.410382] microcode: CPU0 sig=0x306c3, pf=0x40, revision=0x0
[   10.413957] microcode: CPU1 sig=0x306c3, pf=0x40, revision=0x0
[   10.416282] microcode: Microcode Update Driver: v2.01 <tigran@aivazian.fsnet.co.uk>, Peter Oruba
[   10.420507] registered taskstats version 1
[   10.431392] Loading compiled-in X.509 certificates
[   10.436395] Loaded X.509 cert 'Build time autogenerated kernel key: c40ffa48d8617ce4553ee3ab59017c95e74f2501'
[   10.443953] zswap: loaded using pool lzo/zbud
[   10.446017] Key type trusted registered
[   10.453917] Key type encrypted registered
[   10.460618] AppArmor: AppArmor sha1 policy hashing enabled
[   10.473885] ima: No TPM chip found, activating TPM-bypass!
[   10.477552] evm: HMAC attrs: 0x1
[   10.478367]   Magic number: 4:18:612
[   10.486904] tty tty: hash matches
[   10.493995] rtc_cmos rtc_cmos: setting system clock to 2016-10-16 02:38:44 UTC (1476585524)
[   10.499417] BIOS EDD facility v0.16 2004-Jun-25, 0 devices found
[   10.501771] EDD information not available.
[   10.506562] Freeing unused kernel memory: 1480K (ffffffff81f42000 - ffffffff820b4000)
[   10.511113] Write protecting the kernel read-only data: 14336k
[   10.514155] Freeing unused kernel memory: 1832K (ffff880001836000 - ffff880001a00000)
[   10.523960] Freeing unused kernel memory: 152K (ffff880001dda000 - ffff880001e00000)
Loading, please wait...
[   10.539299] random: systemd-udevd urandom read with 3 bits of entropy available
starting version[   10.593834] Fusion MPT base driver 3.04.20
 229
[   10.598544] Copyright (c) 1999-2008 LSI Corporation
[   10.608836] e1000: Intel(R) PRO/1000 Network Driver - version 7.3.21-k8-NAPI
[   10.616281] e1000: Copyright (c) 1999-2006 Intel Corporation.
[   10.639175] Fusion MPT SPI Host driver 3.04.20
[   10.739262] AVX version of gcm_enc/dec engaged.
[   10.745837] AES CTR mode by8 optimization enabled
[   10.917310] input: ImExPS/2 Generic Explorer Mouse as /devices/platform/i8042/serio1/input/input4
[   11.070431] e1000 0000:00:03.0 eth0: (PCI:33MHz:32-bit) 02:af:4b:8e:d4:f5
[   11.087958] e1000 0000:00:03.0 eth0: Intel(R) PRO/1000 Network Connection
[   11.097239] mptbase: ioc0: Initiating bringup
[   11.105028] e1000 0000:00:03.0 enp0s3: renamed from eth0
[   11.186710] ioc0: LSI53C1030 A0: Capabilities={Initiator}
[   12.108413] scsi host2: ioc0: LSI53C1030 A0, FwRev=00000000h, Ports=1, MaxQ=256, IRQ=20
[   13.424903] scsi 2:0:0:0: Direct-Access     VBOX     HARDDISK         1.0  PQ: 0 ANSI: 5
[   13.438307] scsi target2:0:0: Beginning Domain Validation
[   13.498050] scsi target2:0:0: Domain Validation skipping write tests
[   13.526005] scsi target2:0:0: Ending Domain Validation
[   13.536958] scsi target2:0:0: asynchronous
[   13.544590] scsi 2:0:1:0: Direct-Access     VBOX     HARDDISK         1.0  PQ: 0 ANSI: 5
[   13.555299] scsi target2:0:1: Beginning Domain Validation
[   13.567108] scsi target2:0:1: Domain Validation skipping write tests
[   13.579180] scsi target2:0:1: Ending Domain Validation
[   13.580029] scsi target2:0:1: asynchronous
[   13.588327] sd 2:0:0:0: Attached scsi generic sg0 type 0
[   13.588332] sd 2:0:0:0: [sda] 20971520 512-byte logical blocks: (10.7 GB/10.0 GiB)
[   13.588438] sd 2:0:0:0: [sda] Write Protect is off
[   13.588506] sd 2:0:0:0: [sda] Incomplete mode parameter data
[   13.588507] sd 2:0:0:0: [sda] Assuming drive cache: write through
[   13.596493]  sda: sda1
[   13.596980] sd 2:0:0:0: [sda] Attached SCSI disk
[   13.621724] sd 2:0:1:0: Attached scsi generic sg1 type 0
[   13.621843] sd 2:0:1:0: [sdb] 20480 512-byte logical blocks: (10.5 MB/10.0 MiB)
[   13.622100] sd 2:0:1:0: [sdb] Write Protect is off
[   13.622179] sd 2:0:1:0: [sdb] Incomplete mode parameter data
[   13.622180] sd 2:0:1:0: [sdb] Assuming drive cache: write through
[   13.625172] sd 2:0:1:0: [sdb] Attached SCSI disk
[   13.708001] floppy0: no floppy controllers found
Begin: Loading e[   15.545383] md: linear personality registered for level -1
ssential drivers ... [   15.549240] md: multipath personality registered for level -4
[   15.559957] md: raid0 personality registered for level 0
[   15.594961] md: raid1 personality registered for level 1
[   15.683714] raid6: sse2x1   gen() 11026 MB/s
[   15.787798] raid6: sse2x1   xor()  7634 MB/s
[   15.855835] raid6: sse2x2   gen() 14029 MB/s
[   15.939534] raid6: sse2x2   xor()  9395 MB/s
[   16.019967] raid6: sse2x4   gen() 16049 MB/s
[   16.095544] raid6: sse2x4   xor() 10802 MB/s
[   16.102459] raid6: using algorithm sse2x4 gen() 16049 MB/s
[   16.120160] raid6: .... xor() 10802 MB/s, rmw enabled
[   16.124823] raid6: using ssse3x2 recovery algorithm
[   16.130172] xor: automatically using best checksumming function:
[   16.175661]    avx       : 22741.000 MB/sec
[   16.188641] async_tx: api initialized (async)
[   16.230692] md: raid6 personality registered for level 6
[   16.231675] md: raid5 personality registered for level 5
[   16.236339] md: raid4 personality registered for level 4
[   16.245548] md: raid10 personality registered for level 10
done.
Begin: Running /scripts/init-premount ... done.
Begin: Mounting root file sys[   16.293646] Btrfs loaded
tem ... Begin: Running /scripts/local-top ... done.
Begin: Running /scripts/local-premount ... Scanning for Btrfs filesystems
done.
Warning: fsck no[   16.415534] EXT4-fs (sda1): mounted filesystem with ordered data mode. Opts: (null)
t present, so skipping root file system
done.
Begin: Running /scripts/local-bottom ... done.
Begin: Running /scripts/init-bottom ... Warning: overlayroot: debug is busted
done.
[   16.493325] systemd[1]: systemd 229 running in system mode. (+PAM +AUDIT +SELINUX +IMA +APPARMOR +SMACK +SYSVINIT +UTMP +LIBCRYPTSETUP +GCRYPT +GNUTLS +ACL +XZ -LZ4 +SECCOMP +BLKID +ELFUTILS +KMOD -IDN)
[   16.511944] systemd[1]: Detected virtualization oracle.
[   16.520456] systemd[1]: Detected architecture x86-64.

Welcome to [1mUbuntu 16.04.1 LTS[0m!

[   16.540312] systemd[1]: Set hostname to <ubuntu>.
[   16.574262] systemd[1]: Initializing machine ID from random generator.
[   16.601303] systemd[1]: Installed transient /etc/machine-id file.
[   16.715564] systemd[1]: Reached target Swap.
[[0;32m  OK  [0m] Reached target Swap.
[   16.720037] systemd[1]: Created slice User and Session Slice.
[[0;32m  OK  [0m] Created slice User and Session Slice.
[   16.743745] ystemd[1]: Listening on Journal Audit Socket.

[[0;32m  OK  [0m] Listening on Journal Audit Socket.
[   .8779] systmd[1]: Listening on Journal Socket (/dev/log).

[[0;32m  OK  [0m] Listening on Journal Socket (/dev/log).
[ 16.93130systemd[1]: Listening on Device-mapper event daemon FIFOs.
[[0;32m  OK  [0m] Listening on Device-mapper event daemon FIFOs.
[   17.041999] systemd[1]: Listening on udev Kernel Socket.
[[0;32m  OK  [0m] Listening on udev Kernel Socket.
[  1.01934] systemd[1]: istening on Journal Socket
 [[0;32m  OK  [0m] Listening on Journal Socket.
[   17.186556] systemd[1] Created sice System Slice.

[[0;32m  OK  [0m] Created slice System Slice.
[   17.247953] systemd[1]: Starting Nameserver information manager...
         Starting Nameserver information manager...
[   17.280011] systemd[1]: Reached target Slices.
[[0;32m  OK  [0m] Reached target Slices.
[   17.316033] systemd[1]: Starting Remount Root and Kernel File Systems...
         Starting Remount Root and Kernel File Systems...
[   17.328734] EXT4-fs (sda1): re-mounted. Opts: (null)
[   17.329036] systemd[1]: Starting Uncomplicated firewall...
         Starting Uncomplicated firewall...
[  17.368104] systemd[1]: Mounting POSIX Message Queue File System...
         Mounting POSIX Message Queue File System...
[   17.424377] systemd[1]: Starting Set console keymap...
         Starting Set console keymap...
[   17.476359] systemd[1]: Starting Load Kernel Modules...
         Starting Load Ke[   17.505654] Loading iSCSI transport class v2.0-870.
rnel Modules...
[   17.524375] systemd[1]: Mounting Huge Pages File System...
         Mounting Huge Pages File System.[   17.549856] iscsi: registered transport (tcp)
..
[   17.568213] systemd[1]: Mounting Debug File System...
         Mounting Debug File System...
[   17.623796] systemd[1]: Listening on Syslog Socket.
[[0;32m  OK  [0m] Listening on Sys[   17.641646] iscsi: registered transport (iser)
log Socket.
[   17.675844] systemd[1]: Starting Journal Service...
         Starting Journal Service...
[   17.788103] systemd[1]: Listening on LVM2 metadata daemon socket.
[[0;32m  OK  [0m] Listening on LVM2 metadata daemon socket.
[   17.797708] systemd[1]: Starting Monitoring of LVM2 mirrors, snapshots etc. using dmeventd or progress polling...
         Starting Monitoring of LVM2 mirrors... dmeventd or progress polling...
[   17.860805] systemd[1]: Listening on LVM2 poll daemon socket.
[[0;32m  OK  [0m] Listening on LVM2 poll daemon socket.
[  1.898 systemd[1]: Reached target User and Group Name Lookups.
[[0;32m  OK  [0m] Reached target User and Group Name Lookups.
[   18.24904] ystemd[1]: Reached target Encrypted Volumes.

[[0;32m  OK  [0m] Reached target Encrypted Volumes.
[   18.320023] systemd[1]: Set up automount Arbitrary Executable File Formats File System Automount Point.
[[0;32m  OK  [0m] Set up automount Arbitrary Executab...ats File System Automount Point.
[   18.375861] systemd[1]: Starting Create list of required static device nodes for the current kernel...
[   18.393226] random: nonblocking pool is initialized
         Starting Create list of required st... nodes for the current kernel...
[   18.417588] systemd[1]: Started Forward Password Requests to Wall Directory Watch.
[[0;32m  OK  [0m] Started Forward Password Requests to Wall Directory Watch.
[  1.4586]syte[1: Listnig n de/initctl Compatibility Named Pipe.

[[0;32m  OK  [0m] Listening on /dev/initctl Compatibility Named Pipe.
[   18.756293] systemd[1]: Created slice system-serial\x2dgetty.slice.
[[0;32m  OK  [0m] Created slice system-serial\x2dgetty.slice.
[   18.772183] systemd[1]: Listening on udev Control Socket.
[[0;32m  OK  [0m] Listening on udev Control Socket.
[   18.804580] systemd[1]: Mounted POSIX Message Queue File System.
[[0;32m  OK  [0m] Mounted POSIX Message Queue File System.
[   18.854786] systemd[1]: Mounted Debug File System.
[[0;32m  OK  [0m] Mounted Debug File System.
[   18.872188] systemd[1]: Mounted Huge Pages File System.
[[0;32m  OK  [0m] Mounted Huge Pages File System.
[   18.900275] systemd[1]: Started Journal Service.
[[0;32m  OK  [0m] Started Journal Service.
[[0;32m  OK  [0m] Started Remount Root and Kernel File Systems.
[[0;32m  OK  [0m] Started Uncomplicated firewall.
[[0;32m  OK  [0m] Started Set console keymap.
[[0;32m  OK  [0m] Started Load Kernel Modules.
[[0;32m  OK  [0m] Started Create list of required sta...ce nodes for the current kernel.
[[0;32m  OK  [0m] Started Nameserver information manager.
[[0;32m  OK  [0m] Started LVM2 metadata daemon.
         Starting Create Static Device Nodes in /dev...
         Mounting FUSE Control File System...
         Starting Apply Kernel Variables...
         Starting udev Coldplug all Devices...
         Starting Load/Save Random Seed...
         Starting Flush Journal to Persistent Storage...
[[0;32m  OK  [0m] Mounted FUSE Control File System.
[[0;32m  OK  [0m] Started Create Static Device Nodes in /dev.
[[0;32m  OK  [0m] Started Apply Kernel Variables.
[[0;32m  OK  [0m] Started Load/Save Random Seed.
[[0;32m  OK  [0m] Started udev Coldplug all Devices.
[[0;32m  OK  [0m] Started Monitoring of LVM2 mirrors,...ng dmeventd or progress polling.
         Starting udev Kernel Device Manager...
[[0;32m  OK  [0m] Started Flush Journal to Persistent Storage.
[[0;32m  OK  [0m] Started udev Kernel Device Manager.
[[0;32m  OK  [0m] Reached target Local File Systems (Pre).
[[0;32m  OK  [0m] Reached target Local File Systems.
         Starting Set console font and keymap...
         Starting Initial cloud-init job (pre-networking)...
         Starting Tell Plymouth To Write Out Runtime Data...
         Starting Create Volatile Files and Directories...
         Starting Commit a transient machine-id on disk...
         Starting LSB: AppArmor initialization...
[[0;32m  OK  [0m] Started Dispatch Password Requests to Console Directory Watch.
[[0;32m  OK  [0m] Started Tell Plymouth To Write Out Runtime Data.
[[0;32m  OK  [0m] Started Create Volatile Files and Directories.
[[0;32m  OK  [0m] Started Commit a transient machine-id on disk.
[[0;32m  OK  [0m] Started Set console font and keymap.
[[0;32m  OK  [0m] Created slice system-getty.slice.
         Starting Update UTMP about System Boot/Shutdown...
         Starting Network Time Synchronization...
[[0;32m  OK  [0m] Started Update UTMP about System Boot/Shutdown.
[[0;32m  OK  [0m] Started Network Time Synchronization.
[[0;32m  OK  [0m] Found device /dev/ttyS0.
[[0;32m  OK  [0m] Reached target System Time Synchronized.
[[0;32m  OK  [0m] Listening on Load/Save RF Kill Switch Status /dev/rfkill Watch.
[[0;32m  OK  [0m] Started LSB: AppArmor initialization.
[[0;32m  OK  [0m] Reached target System Initialization.
[   17.511862] cloud-init[976]: Cloud-init v. 0.7.7 running 'init-local' at Sun, 16 Oct 2016 02:38:55 +0000. Up 17.16 seconds.
[[0;32m  OK  [0m] Started ACPI Events Check.
[[0;32m  OK  [0m] Listening on UUID daemon activation socket.
[[0;32m  OK  [0m] Started Daily apt activities.
         Starting Socket activation for snappy daemon.
[[0;32m  OK  [0m] Started Trigger resolvconf update for networkd DNS.
[[0;32m  OK  [0m] Reached target Paths.
[[0;32m  OK  [0m] Started Timer to automatically refresh installed snaps.
         Starting LXD - unix socket.
[[0;32m  OK  [0m] Listening on ACPID Listen Socket.
[[0;32m  OK  [0m] Listening on D-Bus System Message Bus Socket.
[[0;32m  OK  [0m] Started Daily Cleanup of Temporary Directories.
[[0;32m  OK  [0m] Reached target Timers.
[[0;32m  OK  [0m] Listening on Socket activation for snappy daemon.
[[0;32m  OK  [0m] Listening on LXD - unix socket.
[[0;32m  OK  [0m] Started Initial cloud-init job (pre-networking).
[[0;32m  OK  [0m] Reached target Network (Pre).
         Starting Raise network interfaces...
[[0;32m  OK  [0m] Reached target Sockets.
[[0;32m  OK  [0m] Reached target Basic System.
[[0;32m  OK  [0m] Started D-Bus System Message Bus.
[[0;32m  OK  [0m] Started Regular background program processing daemon.
         Starting System Logging Service...
[[0;32m  OK  [0m] Started ACPI event daemon.
         Starting LSB: MD monitoring daemon...
         Starting Login Service...
         Starting LXD - container startup/shutdown...
[[0;32m  OK  [0m] Started FUSE filesystem for LXC.
         Starting LSB: Record successful boot for GRUB...
[[0;32m  OK  [0m] Started Deferred execution scheduler.
         Starting Accounts Service...
[[0;32m  OK  [0m] Started Snappy daemon.
[[0;32m  OK  [0m] Started System Logging Service.
[[0;32m  OK  [0m] Started LXD - container startup/shutdown.
[[0;32m  OK  [0m] Started Login Service.
[[0;32m  OK  [0m] Started LSB: MD monitoring daemon.
[[0;32m  OK  [0m] Started LSB: Record successful boot for GRUB.
         Starting Authenticate and Authorize Users to Run Privileged Tasks...
[[0;32m  OK  [0m] Started Authenticate and Authorize Users to Run Privileged Tasks.
[[0;32m  OK  [0m] Started Accounts Service.
[[0;32m  OK  [0m] Started Raise network interfaces.
[[0;32m  OK  [0m] Reached target Network.
         Starting Initial cloud-init job (metadata service crawler)...
[   20.897539] cloud-init[2101]: Cloud-init v. 0.7.7 running 'init' at Sun, 16 Oct 2016 02:38:58 +0000. Up 20.17 seconds.
[   20.912699] cloud-init[2101]: ci-info: +++++++++++++++++++++++++++++++++++++Net device info++++++++++++++++++++++++++++++++++++++
[   20.920406] cloud-init[2101]: ci-info: +--------+------+----------------------------+---------------+-------+-------------------+
[   20.940908] cloud-init[2101]: ci-info: | Device |  Up  |          Address           |      Mask     | Scope |     Hw-Address    |
[   20.956430] [cloud-init[0;32m  OK  [0m[2101]: ] ci-info: +--------+------+----------------------------+---------------+-------+-------------------+Started Initial cloud-init job (metadata service crawler).

[   20.956630] cloud-init[2101]: ci-info: | enp0s3 | True |         10.0.2.15          | 255.255.255.0 |   .   | 02:af:4b:8e:d4:f5 |
[   21.005549] [cloud-init[0;32m  OK  [0m[2101]: ] ci-info: | enp0s3 | True | fe80::af:4bff:fe8e:d4f5/64 |       .       |  link | 02:af:4b:8e:d4:f5 |Reached target Cloud-config availability.

[   21.005717] [cloud-init[0;32m  OK  [0m[2101]: ] ci-info: |   lo   | True |         127.0.0.1          |   255.0.0.0   |   .   |         .         |Reached target Network is Online.

[   21.038808] cloud-init[2101]: ci-info: |   lo   | True |          ::1/128           |       .       |  host |         .         |
[   21.131597]          cloud-initStarting Seed the pseudo random number generator on first boot...[2101]: 
ci-info: +--------+------+----------------------------+---------------+-------+-------------------+
[   21.172391] cloud-init[2101]: ci-info: +++++++++++++++++++++++++++Route IPv4 info++++++++++++++++++++++++++++
[   21.172699] cloud-init[2101]: ci-info: +-------+-------------+----------+---------------+-----------+-------+
[   21.172833] cloud-init[2101]: ci-info: | Route | Destination | Gateway  |    Genmask    | Interface | Flags |
[   21.172971] cloud-init[2101]: ci-info: +-------+-------------+----------+---------------+-----------+-------+
[   21.173110] cloud-init[2101]: ci-info: |   0   |   0.0.0.0   | 10.0.2.2 |    0.0.0.0    |   enp0s3  |   UG  |
         Starting iSCSI initiator daemon (iscsid)...
[   21.173255] cloud-init[2101]: ci-info: |   1   |   10.0.2.0  | 0.0.0.0  | 255.255.255.0 |   enp0s3  |   U   |
[   21.804379]          cloud-initStarting /etc/rc.local Compatibility...[2101]: 
ci-info: +-------+-------------+----------+---------------+-----------+-------+
[   21.879854] cloud-init[2101]: Generating public/private rsa key pair.
[   21.944477] cloud-init[2101]: Your identification has been saved in /etc/ssh/ssh_host_rsa_key.
         Starting Apply the settings specified in cloud-config...
[   21.966732] cloud-init[2101]: Your public key has been saved in /etc/ssh/ssh_host_rsa_key.pub.
[   22.031112] cloud-init[2101]: The key fingerprint is:
[[0;32m  OK  [0m] Started /etc/rc.local Compatibility.
[[0;32m  OK  [0m] Started iSCSI initiator daemon (iscsid).
[   22.134866] cloud-init[2101]: SHA256:xQKSBJoXbyVak6lJunGxWruOun5EN+nf+xeR0gAZEEU root@ubuntu-xenial
[   22.328238] cloud-init[2101]: The key's randomart image is:
[   22.337439] cloud-init[2101]: +---[RSA 2048]----+
         Starting Login to default iSCSI targets...
[   22.348811] cloud-init[2101]: |  oo*+oo=E+      |
[   22.398091] cloud-init[2101]: | oo=+= . o .     |
[   22.465726] cloud-init[2101]: |ooo=o . . o o .  |
[   22.474599] cloud-init[2101]: |o.*o +   o . +   |
[   22.477913] cloud-init[2101]: | *..o . S   . .  |
[[0;32m  OK  [0m] Started Login to default iSCSI targets.
[   22.546738] cloud-init[2101]: |o .. .       .   |
[   22.556045] cloud-init[2101]: |  ..  . .     .  |
[   22.572865] cloud-init[2101]: | ...   . .   .   |
[[0;32m  OK  [0m] Reached target Remote File Systems (Pre).
[[0;32m  OK  [0m] Reached target Remote File Systems.
[   22.573178] cloud-init[2101]: |*+o      .o..    |
[   22.657476] cloud-init[2101]: +----[SHA256]-----+
[   22.667557] cloud-init[2101]: Generating public/private dsa key pair.
[   22.671362] cloud-init[2101]: Your identification has been saved in /etc/ssh/ssh_host_dsa_key.
[   22.689108]          cloud-initStarting Permit User Sessions...[2101]: 
Your public key has been saved in /etc/ssh/ssh_host_dsa_key.pub.
[   22.745079]          cloud-initStarting LSB: Set the CPU Frequency Scaling governor to "ondemand"...[2101]: 
The key fingerprint is:
[   22.836570]          cloud-initStarting LSB: automatic crash report generation...[2101]: 
SHA256:cUKh6ChWaMKvX+Lqefev2Ip1RDIMFpqC3VSRjYfJHJ8 root@ubuntu-xenial
         Starting LSB: daemon to balance interrupts for SMP systems...
[   23.026136] cloud-init[2101]: The key's randomart image is:
[   23.165330] [cloud-init[0;32m  OK  [0m[2101]: ] +---[DSA 1024]----+Started Seed the pseudo random number generator on first boot.

[   23.165653] cloud-init[2101]: |   +o++Oo.       |
[   23.307008] [cloud-init[0;32m  OK  [0m[2101]: ] |o.=oo.B+o.       |Started Permit User Sessions.

[   23.307463] cloud-init[2101]: |+*..o+.oE .      |
[   23.313147] cloud-init[2101]: |+ oo  +  +       |
[   23.334000] [cloud-init[0;32m  OK  [0m[2101]: ] |.....  .S        |Started LSB: Set the CPU Frequency Scaling governor to "ondemand".

[[0;32m  OK  [0m] Started LSB: automatic crash report generation.
[   23.334408] cloud-init[2101]: |...   .          |
[   23.707791] cloud-init[2101]: | . . o .         |
[   23.711890] cloud-init[2101]: |  +.=.+          |
[   23.724363] cloud-init[2101]: |.+o+.oo+o.       |
         Starting Hold until boot process finishes up...
[   23.786624] cloud-init[2101]: +----[SHA256]-----+
         Starting Terminate Plymouth Boot Screen...
[   24.161457] cloud-init[2101]: Generating public/private ecdsa key pair.
[   24.196489]          cloud-initStarting OpenBSD Secure Shell server...[2101]: 
Your identification has been saved in /etc/ssh/ssh_host_ecdsa_key.
[   24.211713] [cloud-init[0;32m  OK  [0m[2101]: ] Your public key has been saved in /etc/ssh/ssh_host_ecdsa_key.pub.Started LSB: daemon to balance interrupts for SMP systems.

[   24.212145] cloud-init[2101]: The key fingerprint is:
[[0;32m  OK  [0m] Started Hold until boot process finishes up.
[[0;32m  OK  [0m] Started Terminate Plymouth Boot Screen.
[[0;32m  OK  [0m] Started OpenBSD Secure Shell server.
[   24.266423] cloud-init[2101]: SHA256:LEP75SE0yPMbOOX9FlBR0by8A7GUlYg9PJw9/rFDknk root@ubuntu-xenial
[   24.281301] cloud-init[2101]: The key's randomart image is:
[   24.284472] cloud-init[2101]: +---[ECDSA 256]---+
[   24.304296] cloud-init[2101]: |            BoO=.|
[   24.316765] cloud-init[2101]: |     . .   o % +o|
[   24.332268] cloud-init[2101]: |      = + . . X o|
[   24.344733] cloud-init[2101]: |     . X o . * E |
[[0;32m  OK  [0m] Started Getty on tty1.
[   24.364013] cloud-init[2101]: |      * S + . = =|
[   24.399279] cloud-init[2101]: |       = * o . =.|
[   24.416213]          cloud-initStarting Set console scheme...[2101]: 
|        o . o   o|
[   24.432352] [cloud-init[0;32m  OK  [0m[2101]: ] |           .     |Started Serial Getty on ttyS0.

[[0;32m  OK  [0m] Reached target Login Prompts.
[[0;32m  OK  [0m] Started Set console scheme.
[   24.432790] cloud-init[2101]: |                 |
[   24.485882] cloud-init[2101]: +----[SHA256]-----+
[   24.490513] cloud-init[2101]: Generating public/private ed25519 key pair.
[   24.491589] cloud-init[2101]: Your identification has been saved in /etc/ssh/ssh_host_ed25519_key.
[   24.496791] cloud-init[2101]: Your public key has been saved in /etc/ssh/ssh_host_ed25519_key.pub.
[   24.502932] cloud-init[2101]: The key fingerprint is:
[   24.516371] cloud-init[2101]: SHA256:sxu4/u7PlxkR9/TrZwl/2IRMLjxQ1HnOY76HL2F2FIA root@ubuntu-xenial
[   24.532380] cloud-init[2101]: The key's randomart image is:
[   24.556991] cloud-init[2101]: +--[ED25519 256]--+
[   24.580410] cloud-init[2101]: |           .oo.. |
[   24.596412] cloud-init[2101]: |           Eo +.o|
[   24.603696] cloud-init[2101]: |           . o *o|
[   24.606674] cloud-init[2101]: |          . . .o*|
[   24.624453] cloud-init[2101]: |        S  o =ooo|
[   24.629004] cloud-init[2101]: |       . o  =.Boo|
[   24.640490] cloud-init[2101]: |      . o    O+Bo|
[   24.643997] cloud-init[2101]: |       . +  + +=*|
[   24.653404] cloud-init[2101]: |     .o+=.o.   +=|
[   24.661843] cloud-init[2101]: +----[SHA256]-----+
[   24.664386] cloud-init[2220]: Generating locales (this might take a while)...
[   24.704956] cloud-init[2220]:   en_US.UTF-8... done
[   24.744677] cloud-init[2220]: Generation complete.
         Stopping OpenBSD Secure Shell server...
[[0;32m  OK  [0m] Stopped OpenBSD Secure Shell server.
         Starting OpenBSD Secure Shell server...
[[0;32m  OK  [0m] Started OpenBSD Secure Shell server.
[[0;32m  OK  [0m] Created slice User Slice of ubuntu.
         Starting User Manager for UID 1000...
[[0;32m  OK  [0m] Started Session 1 of user ubuntu.
[[0;32m  OK  [0m] Started User Manager for UID 1000.
[   25.134953] cloud-init[2220]: Cloud-init v. 0.7.7 running 'modules:config' at Sun, 16 Oct 2016 02:39:01 +0000. Up 22.54 seconds.
[[0;32m  OK  [0m] Started Apply the settings specified in cloud-config.
         Starting Execute cloud user/final scripts...
ci-info: no authorized ssh keys fingerprints found for user ubuntu.
<14>Oct 16 02:39:04 ec2: 
<14>Oct 16 02:39:04 ec2: #############################################################
<14>Oct 16 02:39:04 ec2: -----BEGIN SSH HOST KEY FINGERPRINTS-----
<14>Oct 16 02:39:04 ec2: 1024 SHA256:cUKh6ChWaMKvX+Lqefev2Ip1RDIMFpqC3VSRjYfJHJ8 root@ubuntu-xenial (DSA)
<14>Oct 16 02:39:04 ec2: 256 SHA256:LEP75SE0yPMbOOX9FlBR0by8A7GUlYg9PJw9/rFDknk root@ubuntu-xenial (ECDSA)
<14>Oct 16 02:39:04 ec2: 256 SHA256:sxu4/u7PlxkR9/TrZwl/2IRMLjxQ1HnOY76HL2F2FIA root@ubuntu-xenial (ED25519)
<14>Oct 16 02:39:04 ec2: 2048 SHA256:xQKSBJoXbyVak6lJunGxWruOun5EN+nf+xeR0gAZEEU root@ubuntu-xenial (RSA)
<14>Oct 16 02:39:04 ec2: -----END SSH HOST KEY FINGERPRINTS-----
<14>Oct 16 02:39:04 ec2: #############################################################
-----BEGIN SSH HOST KEY KEYS-----
ecdsa-sha2-nistp256 AAAAE2VjZHNhLXNoYTItbmlzdHAyNTYAAAAIbmlzdHAyNTYAAABBBFoT4V3A7NtcEpgvIlntwV6daT36/zKzfpDvGJ//TiTK8xSBeCvRoZk9AVasKktGb3oJaCjoZP1exEBaXC29uEk= root@ubuntu-xenial
ssh-ed25519 AAAAC3NzaC1lZDI1NTE5AAAAIKoJflK3whntLxFigcFMXgowAlxf+B7m2BFuqE2w6SDf root@ubuntu-xenial
ssh-rsa AAAAB3NzaC1yc2EAAAADAQABAAABAQDWRJztRjVZhn5NH6DH6zOXQqbSAp9JSJTlleSp17TcydvUzUBOvLP+bT9KzQuifD1wJReo2nG8AYh4pzXWx5oQi6r2Z4kyZGYdBVQY4BwCH6aBTInhoOlv8ZCkVdTg4Srx9wvWoZnfC7kW60X7afD9M00Wnm8HYMTwjavHfO1vh8yr7HHjcVIAodIrlJhI17gmoEK/GeJzZNKjXAJ1k5Q9aQYRmjJAtpvEubiEEHXRO2ASCK63/vcpxjO6NYWfp3TPmL85RXHwQY02h2kWZyVq8+1u5WbcDs7KknF5rgscHu0IvLM+ULq2P1jzJQuXO4pgsOKLlvmp+M+gIzf386i/ root@ubuntu-xenial
-----END SSH HOST KEY KEYS-----
[   25.977120] cloud-init[2423]: Cloud-init v. 0.7.7 running 'modules:final' at Sun, 16 Oct 2016 02:39:04 +0000. Up 25.50 seconds.
[   26.019618] cloud-init[2423]: ci-info: no authorized ssh keys fingerprints found for user ubuntu.
[[0;32m  OK  [0m] Started Execute cloud user/final scripts.
[[0;32m  OK  [0m] Reached target Cloud-init target.
[[0;32m  OK  [0m] Reached target Multi-User System.
[[0;32m  OK  [0m] Reached target Graphical Interface.
[   26.048795] cloud-init[2423]: Cloud-init v. 0.7.7 finished at Sun, 16 Oct 2016 02:39:04 +0000. Datasource DataSourceNoCloud [seed=/dev/sdb][dsmode=net].  Up 25.96 seconds
         Starting Update UTMP about System Runlevel Changes...
[[0;32m  OK  [0m] Started Update UTMP about System Runlevel Changes.

Ubuntu 16.04.1 LTS ubuntu-xenial ttyS0

ubuntu-xenial login: 